TN:
SF:C:/Users/manum/Documents/Project/Angular/Final Assessment/project-management-ui/src/polyfills.ts
FNF:0
FNH:0
DA:22,1
DA:23,1
DA:24,1
DA:25,1
DA:26,1
DA:27,1
DA:28,1
DA:29,1
DA:30,1
DA:31,1
DA:32,1
DA:33,1
DA:34,1
DA:35,1
DA:46,1
DA:74,1
LF:16
LH:16
BRF:0
BRH:0
end_of_record
TN:
SF:C:/Users/manum/Documents/Project/Angular/Final Assessment/project-management-ui/src/test.ts
FNF:0
FNH:0
DA:3,1
DA:4,1
DA:5,1
DA:13,1
DA:18,1
DA:20,1
LF:6
LH:6
BRF:0
BRH:0
end_of_record
TN:
SF:C:/Users/manum/Documents/Project/Angular/Final Assessment/project-management-ui/src/app/app-routing.module.ts
FN:21,(anonymous_1)
FNF:1
FNH:1
FNDA:2,(anonymous_1)
DA:1,1
DA:2,1
DA:3,1
DA:4,1
DA:5,1
DA:6,1
DA:9,1
DA:21,1
LF:8
LH:8
BRF:0
BRH:0
end_of_record
TN:
SF:C:/Users/manum/Documents/Project/Angular/Final Assessment/project-management-ui/src/app/app.component.ts
FN:8,(anonymous_1)
FN:3,AppComponent
FNF:2
FNH:2
FNDA:1,(anonymous_1)
FNDA:8,AppComponent
DA:1,1
DA:8,1
DA:9,8
DA:10,1
LF:4
LH:4
BRF:0
BRH:0
end_of_record
TN:
SF:C:/Users/manum/Documents/Project/Angular/Final Assessment/project-management-ui/src/app/add-task/add-task.component.ts
FN:24,(anonymous_2)
FN:52,AddTaskComponent
FN:61,(anonymous_4)
FN:73,(anonymous_5)
FN:79,(anonymous_6)
FN:89,(anonymous_7)
FN:93,(anonymous_8)
FN:121,(anonymous_9)
FN:122,(anonymous_10)
FN:130,(anonymous_11)
FN:131,(anonymous_12)
FN:136,(anonymous_13)
FN:139,(anonymous_14)
FN:148,(anonymous_15)
FN:149,(anonymous_16)
FN:154,(anonymous_17)
FN:163,(anonymous_18)
FN:166,(anonymous_19)
FN:177,(anonymous_20)
FN:189,(anonymous_21)
FN:190,(anonymous_22)
FN:199,(anonymous_23)
FN:219,(anonymous_24)
FN:220,(anonymous_25)
FN:224,(anonymous_26)
FN:245,(anonymous_27)
FN:246,(anonymous_28)
FN:250,(anonymous_29)
FN:265,(anonymous_30)
FNF:29
FNH:29
FNDA:1,(anonymous_2)
FNDA:14,AddTaskComponent
FNDA:15,(anonymous_4)
FNDA:16,(anonymous_5)
FNDA:16,(anonymous_6)
FNDA:16,(anonymous_7)
FNDA:1,(anonymous_8)
FNDA:15,(anonymous_9)
FNDA:15,(anonymous_10)
FNDA:15,(anonymous_11)
FNDA:15,(anonymous_12)
FNDA:1,(anonymous_13)
FNDA:1,(anonymous_14)
FNDA:1,(anonymous_15)
FNDA:2,(anonymous_16)
FNDA:1,(anonymous_17)
FNDA:1,(anonymous_18)
FNDA:1,(anonymous_19)
FNDA:1,(anonymous_20)
FNDA:15,(anonymous_21)
FNDA:15,(anonymous_22)
FNDA:4,(anonymous_23)
FNDA:2,(anonymous_24)
FNDA:2,(anonymous_25)
FNDA:2,(anonymous_26)
FNDA:2,(anonymous_27)
FNDA:2,(anonymous_28)
FNDA:2,(anonymous_29)
FNDA:14,(anonymous_30)
DA:3,1
DA:4,1
DA:5,1
DA:6,1
DA:8,1
DA:9,1
DA:10,1
DA:13,1
DA:15,1
DA:16,1
DA:17,1
DA:24,1
DA:26,1
DA:34,14
DA:38,14
DA:53,14
DA:54,14
DA:55,14
DA:56,14
DA:57,14
DA:58,14
DA:61,15
DA:63,15
DA:64,15
DA:65,15
DA:66,15
DA:68,15
DA:69,15
DA:70,15
DA:71,15
DA:72,15
DA:73,16
DA:79,1
DA:80,16
DA:81,16
DA:82,16
DA:83,16
DA:89,16
DA:90,16
DA:91,1
DA:92,1
DA:94,1
DA:95,1
DA:96,1
DA:97,1
DA:98,1
DA:100,1
DA:101,1
DA:103,1
DA:104,1
DA:106,1
DA:107,1
DA:109,1
DA:110,1
DA:113,1
DA:121,15
DA:122,15
DA:123,15
DA:130,15
DA:131,15
DA:132,15
DA:136,1
DA:137,1
DA:138,1
DA:141,1
DA:142,1
DA:143,1
DA:148,1
DA:149,1
DA:150,2
DA:152,1
DA:153,1
DA:156,1
DA:157,1
DA:158,1
DA:163,1
DA:164,1
DA:165,1
DA:168,1
DA:169,1
DA:170,1
DA:177,1
DA:178,1
DA:181,1
DA:182,1
DA:189,15
DA:190,15
DA:191,15
DA:192,15
DA:199,1
DA:200,4
DA:201,4
DA:202,4
DA:203,0
DA:205,4
DA:206,4
DA:209,4
DA:210,2
DA:212,2
DA:219,2
DA:220,2
DA:221,2
DA:222,2
DA:223,2
DA:224,2
DA:225,2
DA:228,0
DA:229,0
DA:230,0
DA:231,0
DA:232,0
DA:234,0
DA:235,0
DA:236,0
DA:245,2
DA:246,2
DA:247,2
DA:248,2
DA:249,2
DA:250,2
DA:251,2
DA:254,0
DA:255,0
DA:256,0
DA:257,0
DA:258,0
DA:265,1
DA:266,14
DA:267,14
DA:271,1
LF:130
LH:116
BRDA:90,0,0,1
BRDA:90,0,1,15
BRDA:95,1,0,1
BRDA:95,1,1,0
BRDA:96,2,0,0
BRDA:96,2,1,1
BRDA:97,3,0,1
BRDA:97,3,1,0
BRDA:100,4,0,1
BRDA:100,4,1,0
BRDA:103,5,0,1
BRDA:103,5,1,0
BRDA:106,6,0,1
BRDA:106,6,1,0
BRDA:106,7,0,1
BRDA:106,7,1,1
BRDA:109,8,0,1
BRDA:109,8,1,0
BRDA:109,9,0,1
BRDA:109,9,1,1
BRDA:142,10,0,1
BRDA:142,10,1,0
BRDA:157,11,0,1
BRDA:157,11,1,0
BRDA:169,12,0,1
BRDA:169,12,1,0
BRDA:178,13,0,1
BRDA:178,13,1,0
BRDA:202,14,0,0
BRDA:202,14,1,4
BRDA:209,15,0,2
BRDA:209,15,1,2
BRDA:221,16,0,2
BRDA:221,16,1,0
BRDA:230,17,0,0
BRDA:230,17,1,0
BRDA:230,18,0,0
BRDA:230,18,1,0
BRDA:234,19,0,0
BRDA:234,19,1,0
BRDA:234,20,0,0
BRDA:234,20,1,0
BRDA:247,21,0,2
BRDA:247,21,1,0
BRDA:256,22,0,0
BRDA:256,22,1,0
BRDA:256,23,0,0
BRDA:256,23,1,0
BRDA:266,24,0,14
BRDA:266,24,1,0
BRF:50
BRH:23
end_of_record
TN:
SF:C:/Users/manum/Documents/Project/Angular/Final Assessment/project-management-ui/src/app/dialog/search.dialog.component.ts
FN:11,(anonymous_7)
FN:24,SearchDialogComponent
FN:28,(anonymous_9)
FN:33,(anonymous_10)
FN:38,(anonymous_11)
FN:43,(anonymous_12)
FNF:6
FNH:6
FNDA:1,(anonymous_7)
FNDA:5,SearchDialogComponent
FNDA:1,(anonymous_9)
FNDA:1,(anonymous_10)
FNDA:1,(anonymous_11)
FNDA:1,(anonymous_12)
DA:1,1
DA:2,1
DA:11,1
DA:21,5
DA:22,5
DA:24,5
DA:25,5
DA:28,1
DA:29,1
DA:30,1
DA:33,1
DA:34,1
DA:35,1
DA:38,1
DA:39,1
DA:40,1
DA:43,1
DA:44,1
DA:46,1
LF:19
LH:19
BRDA:25,0,0,5
BRDA:25,0,1,5
BRF:2
BRH:2
end_of_record
TN:
SF:C:/Users/manum/Documents/Project/Angular/Final Assessment/project-management-ui/src/app/model/project.ts
FN:3,(anonymous_0)
FNF:1
FNH:1
FNDA:27,(anonymous_0)
DA:3,1
DA:13,1
LF:2
LH:2
BRF:0
BRH:0
end_of_record
TN:
SF:C:/Users/manum/Documents/Project/Angular/Final Assessment/project-management-ui/src/app/model/search.ts
FN:2,(anonymous_0)
FNF:1
FNH:1
FNDA:8,(anonymous_0)
DA:2,1
DA:9,1
LF:2
LH:2
BRF:0
BRH:0
end_of_record
TN:
SF:C:/Users/manum/Documents/Project/Angular/Final Assessment/project-management-ui/src/app/model/task.ts
FN:5,(anonymous_0)
FNF:1
FNH:1
FNDA:17,(anonymous_0)
DA:5,1
DA:16,1
LF:2
LH:2
BRF:0
BRH:0
end_of_record
TN:
SF:C:/Users/manum/Documents/Project/Angular/Final Assessment/project-management-ui/src/app/model/user.ts
FN:3,(anonymous_0)
FNF:1
FNH:1
FNDA:15,(anonymous_0)
DA:3,1
DA:8,1
LF:2
LH:2
BRF:0
BRH:0
end_of_record
TN:
SF:C:/Users/manum/Documents/Project/Angular/Final Assessment/project-management-ui/src/app/pipe/project.search.pipe.ts
FN:7,(anonymous_1)
FN:8,(anonymous_3)
FN:12,(anonymous_4)
FNF:3
FNH:3
FNDA:26,(anonymous_1)
FNDA:34,(anonymous_3)
FNDA:2,(anonymous_4)
DA:1,1
DA:7,1
DA:8,1
DA:9,34
DA:10,17
DA:11,1
DA:12,1
DA:13,2
DA:16,1
LF:9
LH:9
BRDA:9,0,0,17
BRDA:9,0,1,17
BRDA:10,1,0,16
BRDA:10,1,1,1
BRDA:10,2,0,17
BRDA:10,2,1,1
BRF:6
BRH:6
end_of_record
TN:
SF:C:/Users/manum/Documents/Project/Angular/Final Assessment/project-management-ui/src/app/pipe/project.sort.pipe.ts
FN:8,(anonymous_1)
FN:9,(anonymous_3)
FNF:2
FNH:2
FNDA:25,(anonymous_1)
FNDA:37,(anonymous_3)
DA:1,1
DA:2,1
DA:8,1
DA:9,1
DA:10,37
DA:11,36
DA:12,5
DA:13,5
DA:14,1
DA:17,4
DA:18,1
DA:21,3
DA:22,1
DA:25,2
DA:26,1
DA:29,1
DA:31,1
LF:17
LH:17
BRDA:10,0,0,1
BRDA:10,0,1,36
BRDA:11,1,0,31
BRDA:11,1,1,5
BRDA:11,2,0,36
BRDA:11,2,1,5
BRDA:12,3,0,4
BRDA:12,3,1,1
BRDA:12,4,0,5
BRDA:12,4,1,5
BRDA:13,5,0,1
BRDA:13,5,1,4
BRDA:17,6,0,1
BRDA:17,6,1,3
BRDA:21,7,0,1
BRDA:21,7,1,2
BRDA:25,8,0,1
BRDA:25,8,1,1
BRF:18
BRH:18
end_of_record
TN:
SF:C:/Users/manum/Documents/Project/Angular/Final Assessment/project-management-ui/src/app/pipe/task.search.pipe.ts
FN:7,(anonymous_1)
FN:8,(anonymous_3)
FN:12,(anonymous_4)
FNF:3
FNH:3
FNDA:12,(anonymous_1)
FNDA:16,(anonymous_3)
FNDA:2,(anonymous_4)
DA:1,1
DA:7,1
DA:8,1
DA:9,16
DA:10,15
DA:11,1
DA:12,1
DA:13,2
DA:16,1
LF:9
LH:9
BRDA:9,0,0,1
BRDA:9,0,1,15
BRDA:10,1,0,14
BRDA:10,1,1,1
BRDA:10,2,0,15
BRDA:10,2,1,1
BRDA:13,3,0,2
BRDA:13,3,1,2
BRDA:13,3,2,1
BRF:9
BRH:9
end_of_record
TN:
SF:C:/Users/manum/Documents/Project/Angular/Final Assessment/project-management-ui/src/app/pipe/task.sort.pipe.ts
FN:8,(anonymous_1)
FN:9,(anonymous_3)
FNF:2
FNH:2
FNDA:16,(anonymous_1)
FNDA:20,(anonymous_3)
DA:1,1
DA:2,1
DA:8,1
DA:9,1
DA:10,20
DA:11,19
DA:12,5
DA:13,5
DA:14,1
DA:17,4
DA:18,1
DA:21,3
DA:22,1
DA:25,2
DA:26,1
DA:29,1
DA:31,1
LF:17
LH:17
BRDA:10,0,0,1
BRDA:10,0,1,19
BRDA:11,1,0,14
BRDA:11,1,1,5
BRDA:11,2,0,19
BRDA:11,2,1,5
BRDA:12,3,0,4
BRDA:12,3,1,1
BRDA:12,4,0,5
BRDA:12,4,1,5
BRDA:13,5,0,1
BRDA:13,5,1,4
BRDA:17,6,0,1
BRDA:17,6,1,3
BRDA:21,7,0,1
BRDA:21,7,1,2
BRDA:25,8,0,1
BRDA:25,8,1,1
BRF:18
BRH:18
end_of_record
TN:
SF:C:/Users/manum/Documents/Project/Angular/Final Assessment/project-management-ui/src/app/pipe/user.search.pipe.ts
FN:7,(anonymous_1)
FN:8,(anonymous_3)
FN:12,(anonymous_4)
FNF:3
FNH:3
FNDA:23,(anonymous_1)
FNDA:29,(anonymous_3)
FNDA:2,(anonymous_4)
DA:1,1
DA:7,1
DA:8,1
DA:9,29
DA:10,15
DA:11,1
DA:12,1
DA:13,2
DA:17,1
LF:9
LH:9
BRDA:9,0,0,14
BRDA:9,0,1,15
BRDA:10,1,0,14
BRDA:10,1,1,1
BRDA:10,2,0,15
BRDA:10,2,1,1
BRDA:13,3,0,2
BRDA:13,3,1,1
BRF:8
BRH:8
end_of_record
TN:
SF:C:/Users/manum/Documents/Project/Angular/Final Assessment/project-management-ui/src/app/pipe/user.sort.pipe.ts
FN:8,(anonymous_1)
FN:9,(anonymous_3)
FNF:2
FNH:2
FNDA:21,(anonymous_1)
FNDA:31,(anonymous_3)
DA:1,1
DA:2,1
DA:8,1
DA:9,1
DA:10,31
DA:11,30
DA:12,4
DA:13,4
DA:14,1
DA:17,3
DA:18,1
DA:21,2
DA:22,1
DA:25,1
DA:27,1
LF:15
LH:15
BRDA:10,0,0,1
BRDA:10,0,1,30
BRDA:11,1,0,26
BRDA:11,1,1,4
BRDA:11,2,0,30
BRDA:11,2,1,4
BRDA:12,3,0,3
BRDA:12,3,1,1
BRDA:12,4,0,4
BRDA:12,4,1,4
BRDA:13,5,0,1
BRDA:13,5,1,3
BRDA:17,6,0,1
BRDA:17,6,1,2
BRDA:21,7,0,1
BRDA:21,7,1,1
BRF:16
BRH:16
end_of_record
TN:
SF:C:/Users/manum/Documents/Project/Angular/Final Assessment/project-management-ui/src/app/project/project.component.ts
FN:19,(anonymous_2)
FN:48,ProjectComponent
FN:54,(anonymous_4)
FN:60,(anonymous_5)
FN:70,(anonymous_6)
FN:79,(anonymous_7)
FN:88,(anonymous_8)
FN:89,(anonymous_9)
FN:98,(anonymous_10)
FN:99,(anonymous_11)
FN:104,(anonymous_12)
FN:114,(anonymous_13)
FN:117,(anonymous_14)
FN:133,(anonymous_15)
FN:138,(anonymous_16)
FN:163,(anonymous_17)
FN:166,(anonymous_18)
FN:173,(anonymous_19)
FN:191,(anonymous_20)
FN:209,(anonymous_21)
FN:210,(anonymous_22)
FN:217,(anonymous_23)
FN:238,(anonymous_24)
FN:239,(anonymous_25)
FN:246,(anonymous_26)
FN:260,(anonymous_27)
FN:285,(anonymous_28)
FNF:27
FNH:27
FNDA:1,(anonymous_2)
FNDA:16,ProjectComponent
FNDA:17,(anonymous_4)
FNDA:22,(anonymous_5)
FNDA:23,(anonymous_6)
FNDA:23,(anonymous_7)
FNDA:22,(anonymous_8)
FNDA:22,(anonymous_9)
FNDA:22,(anonymous_10)
FNDA:22,(anonymous_11)
FNDA:11,(anonymous_12)
FNDA:1,(anonymous_13)
FNDA:1,(anonymous_14)
FNDA:1,(anonymous_15)
FNDA:1,(anonymous_16)
FNDA:1,(anonymous_17)
FNDA:1,(anonymous_18)
FNDA:1,(anonymous_19)
FNDA:4,(anonymous_20)
FNDA:2,(anonymous_21)
FNDA:2,(anonymous_22)
FNDA:2,(anonymous_23)
FNDA:2,(anonymous_24)
FNDA:2,(anonymous_25)
FNDA:2,(anonymous_26)
FNDA:4,(anonymous_27)
FNDA:16,(anonymous_28)
DA:2,1
DA:3,1
DA:4,1
DA:5,1
DA:6,1
DA:7,1
DA:8,1
DA:10,1
DA:11,1
DA:19,1
DA:21,1
DA:22,1
DA:40,16
DA:41,16
DA:42,16
DA:43,16
DA:44,16
DA:45,16
DA:49,16
DA:50,16
DA:51,16
DA:54,1
DA:55,17
DA:56,17
DA:57,17
DA:60,1
DA:61,22
DA:62,22
DA:63,22
DA:64,22
DA:70,1
DA:71,23
DA:72,23
DA:73,23
DA:74,23
DA:75,23
DA:76,23
DA:79,1
DA:80,23
DA:81,23
DA:82,23
DA:88,22
DA:89,22
DA:90,22
DA:98,22
DA:99,22
DA:100,22
DA:104,1
DA:105,11
DA:106,1
DA:107,1
DA:109,10
DA:110,10
DA:114,1
DA:115,1
DA:116,1
DA:119,1
DA:120,1
DA:121,1
DA:133,1
DA:134,1
DA:135,1
DA:136,1
DA:137,1
DA:138,1
DA:139,1
DA:140,1
DA:141,1
DA:142,1
DA:143,0
DA:144,0
DA:146,1
DA:147,1
DA:148,1
DA:150,1
DA:151,1
DA:152,1
DA:156,1
DA:163,1
DA:164,1
DA:166,1
DA:167,1
DA:168,1
DA:169,1
DA:170,1
DA:171,1
DA:172,1
DA:173,1
DA:174,1
DA:177,0
DA:178,0
DA:179,0
DA:180,0
DA:181,0
DA:185,1
DA:191,1
DA:192,4
DA:193,4
DA:194,4
DA:195,1
DA:196,1
DA:198,4
DA:199,2
DA:201,2
DA:209,2
DA:210,2
DA:211,2
DA:212,2
DA:213,2
DA:214,2
DA:215,2
DA:216,2
DA:217,2
DA:218,2
DA:221,0
DA:222,0
DA:223,0
DA:224,0
DA:225,0
DA:227,0
DA:228,0
DA:229,0
DA:238,2
DA:239,2
DA:240,2
DA:241,2
DA:242,2
DA:243,2
DA:244,2
DA:245,2
DA:246,2
DA:247,2
DA:250,0
DA:251,0
DA:252,0
DA:253,0
DA:254,0
DA:260,1
DA:261,4
DA:262,4
DA:263,1
DA:264,1
DA:265,1
DA:267,3
DA:268,1
DA:269,1
DA:270,1
DA:272,2
DA:273,1
DA:274,1
DA:275,1
DA:277,1
DA:278,1
DA:279,1
DA:280,1
DA:285,1
DA:287,1
LF:157
LH:137
BRDA:105,0,0,1
BRDA:105,0,1,10
BRDA:120,1,0,1
BRDA:120,1,1,0
BRDA:140,2,0,1
BRDA:140,2,1,0
BRDA:142,3,0,0
BRDA:142,3,1,1
BRDA:146,4,0,1
BRDA:146,4,1,0
BRDA:146,5,0,1
BRDA:146,5,1,1
BRDA:150,6,0,1
BRDA:150,6,1,0
BRDA:150,7,0,1
BRDA:150,7,1,1
BRDA:167,8,0,1
BRDA:167,8,1,0
BRDA:179,9,0,0
BRDA:179,9,1,0
BRDA:179,10,0,0
BRDA:179,10,1,0
BRDA:194,11,0,1
BRDA:194,11,1,3
BRDA:198,12,0,2
BRDA:198,12,1,2
BRDA:211,13,0,2
BRDA:211,13,1,0
BRDA:223,14,0,0
BRDA:223,14,1,0
BRDA:223,15,0,0
BRDA:223,15,1,0
BRDA:227,16,0,0
BRDA:227,16,1,0
BRDA:227,17,0,0
BRDA:227,17,1,0
BRDA:240,18,0,2
BRDA:240,18,1,0
BRDA:252,19,0,0
BRDA:252,19,1,0
BRDA:252,20,0,0
BRDA:252,20,1,0
BRDA:262,21,0,1
BRDA:262,21,1,3
BRDA:263,22,0,0
BRDA:263,22,1,1
BRDA:267,23,0,1
BRDA:267,23,1,2
BRDA:268,24,0,0
BRDA:268,24,1,1
BRDA:272,25,0,1
BRDA:272,25,1,1
BRDA:273,26,0,0
BRDA:273,26,1,1
BRDA:277,27,0,1
BRDA:277,27,1,0
BRDA:278,28,0,0
BRDA:278,28,1,1
BRF:58
BRH:29
end_of_record
TN:
SF:C:/Users/manum/Documents/Project/Angular/Final Assessment/project-management-ui/src/app/services/project.service.ts
FN:13,(anonymous_2)
FN:19,ProjectService
FN:24,(anonymous_4)
FN:27,(anonymous_5)
FN:36,(anonymous_6)
FN:39,(anonymous_7)
FN:49,(anonymous_8)
FN:51,(anonymous_9)
FN:60,(anonymous_10)
FN:62,(anonymous_11)
FN:74,(anonymous_12)
FN:75,(anonymous_13)
FN:96,(anonymous_14)
FNF:13
FNH:13
FNDA:1,(anonymous_2)
FNDA:46,ProjectService
FNDA:7,(anonymous_4)
FNDA:6,(anonymous_5)
FNDA:2,(anonymous_6)
FNDA:2,(anonymous_7)
FNDA:1,(anonymous_8)
FNDA:1,(anonymous_9)
FNDA:2,(anonymous_10)
FNDA:1,(anonymous_11)
FNDA:12,(anonymous_12)
FNDA:2,(anonymous_13)
FNDA:10,(anonymous_14)
DA:1,1
DA:2,1
DA:3,1
DA:4,1
DA:7,1
DA:13,1
DA:16,46
DA:17,46
DA:19,46
DA:24,7
DA:25,7
DA:27,6
DA:36,2
DA:37,2
DA:38,2
DA:39,2
DA:49,1
DA:50,1
DA:51,1
DA:60,2
DA:61,2
DA:62,1
DA:74,12
DA:75,12
DA:78,2
DA:79,2
DA:80,0
DA:82,2
DA:86,2
DA:96,1
DA:97,10
DA:100,1
LF:32
LH:31
BRDA:74,0,0,0
BRDA:74,0,1,12
BRDA:79,1,0,0
BRDA:79,1,1,2
BRDA:79,2,0,2
BRDA:79,2,1,2
BRDA:79,2,2,2
BRF:7
BRH:5
end_of_record
TN:
SF:C:/Users/manum/Documents/Project/Angular/Final Assessment/project-management-ui/src/app/services/task.service.ts
FN:13,(anonymous_2)
FN:19,TaskService
FN:24,(anonymous_4)
FN:27,(anonymous_5)
FN:36,(anonymous_6)
FN:39,(anonymous_7)
FN:49,(anonymous_8)
FN:51,(anonymous_9)
FN:60,(anonymous_10)
FN:62,(anonymous_11)
FN:67,(anonymous_12)
FN:70,(anonymous_13)
FN:79,(anonymous_14)
FN:83,(anonymous_15)
FN:95,(anonymous_16)
FN:96,(anonymous_17)
FN:117,(anonymous_18)
FNF:17
FNH:17
FNDA:1,(anonymous_2)
FNDA:38,TaskService
FNDA:7,(anonymous_4)
FNDA:6,(anonymous_5)
FNDA:2,(anonymous_6)
FNDA:2,(anonymous_7)
FNDA:1,(anonymous_8)
FNDA:1,(anonymous_9)
FNDA:2,(anonymous_10)
FNDA:1,(anonymous_11)
FNDA:5,(anonymous_12)
FNDA:5,(anonymous_13)
FNDA:2,(anonymous_14)
FNDA:1,(anonymous_15)
FNDA:19,(anonymous_16)
FNDA:3,(anonymous_17)
FNDA:16,(anonymous_18)
DA:1,1
DA:2,1
DA:3,1
DA:4,1
DA:5,1
DA:13,1
DA:16,38
DA:17,38
DA:19,38
DA:24,7
DA:25,7
DA:27,6
DA:36,2
DA:37,2
DA:38,2
DA:39,2
DA:49,1
DA:50,1
DA:51,1
DA:60,2
DA:61,2
DA:62,1
DA:67,5
DA:68,5
DA:70,5
DA:79,2
DA:80,2
DA:81,2
DA:82,2
DA:83,1
DA:95,19
DA:96,19
DA:99,3
DA:100,3
DA:101,0
DA:103,3
DA:107,3
DA:117,1
DA:118,16
DA:121,1
LF:40
LH:39
BRDA:80,0,0,0
BRDA:80,0,1,2
BRDA:95,1,0,0
BRDA:95,1,1,19
BRDA:100,2,0,0
BRDA:100,2,1,3
BRDA:100,3,0,3
BRDA:100,3,1,3
BRDA:100,3,2,3
BRF:9
BRH:6
end_of_record
TN:
SF:C:/Users/manum/Documents/Project/Angular/Final Assessment/project-management-ui/src/app/services/user.service.ts
FN:13,(anonymous_2)
FN:19,UserService
FN:24,(anonymous_4)
FN:27,(anonymous_5)
FN:36,(anonymous_6)
FN:39,(anonymous_7)
FN:49,(anonymous_8)
FN:51,(anonymous_9)
FN:60,(anonymous_10)
FN:62,(anonymous_11)
FN:71,(anonymous_12)
FN:76,(anonymous_13)
FN:89,(anonymous_14)
FN:90,(anonymous_15)
FN:111,(anonymous_16)
FNF:15
FNH:15
FNDA:1,(anonymous_2)
FNDA:53,UserService
FNDA:7,(anonymous_4)
FNDA:6,(anonymous_5)
FNDA:2,(anonymous_6)
FNDA:2,(anonymous_7)
FNDA:1,(anonymous_8)
FNDA:1,(anonymous_9)
FNDA:2,(anonymous_10)
FNDA:1,(anonymous_11)
FNDA:1,(anonymous_12)
FNDA:1,(anonymous_13)
FNDA:13,(anonymous_14)
FNDA:2,(anonymous_15)
FNDA:11,(anonymous_16)
DA:1,1
DA:2,1
DA:3,1
DA:4,1
DA:7,1
DA:13,1
DA:16,53
DA:17,53
DA:19,53
DA:24,7
DA:25,7
DA:27,6
DA:36,2
DA:37,2
DA:38,2
DA:39,2
DA:49,1
DA:50,1
DA:51,1
DA:60,2
DA:61,2
DA:62,1
DA:71,1
DA:72,1
DA:73,1
DA:75,1
DA:76,1
DA:89,13
DA:90,13
DA:93,2
DA:94,2
DA:95,0
DA:97,2
DA:101,2
DA:111,1
DA:112,11
DA:115,1
LF:37
LH:36
BRDA:72,0,0,1
BRDA:72,0,1,0
BRDA:89,1,0,0
BRDA:89,1,1,13
BRDA:94,2,0,0
BRDA:94,2,1,2
BRDA:94,3,0,2
BRDA:94,3,1,2
BRDA:94,3,2,2
BRF:9
BRH:6
end_of_record
TN:
SF:C:/Users/manum/Documents/Project/Angular/Final Assessment/project-management-ui/src/app/user/user.component.ts
FN:17,(anonymous_2)
FN:36,UserComponent
FN:40,(anonymous_4)
FN:50,(anonymous_5)
FN:60,(anonymous_6)
FN:61,(anonymous_7)
FN:73,(anonymous_8)
FN:82,(anonymous_9)
FN:83,(anonymous_10)
FN:87,(anonymous_11)
FN:96,(anonymous_12)
FN:108,(anonymous_13)
FN:109,(anonymous_14)
FN:116,(anonymous_15)
FN:137,(anonymous_16)
FN:138,(anonymous_17)
FN:145,(anonymous_18)
FN:159,(anonymous_19)
FN:178,(anonymous_20)
FNF:19
FNH:16
FNDA:1,(anonymous_2)
FNDA:13,UserComponent
FNDA:14,(anonymous_4)
FNDA:14,(anonymous_5)
FNDA:18,(anonymous_6)
FNDA:18,(anonymous_7)
FNDA:1,(anonymous_8)
FNDA:2,(anonymous_9)
FNDA:2,(anonymous_10)
FNDA:0,(anonymous_11)
FNDA:4,(anonymous_12)
FNDA:2,(anonymous_13)
FNDA:1,(anonymous_14)
FNDA:0,(anonymous_15)
FNDA:2,(anonymous_16)
FNDA:1,(anonymous_17)
FNDA:0,(anonymous_18)
FNDA:3,(anonymous_19)
FNDA:13,(anonymous_20)
DA:2,1
DA:3,1
DA:4,1
DA:5,1
DA:9,1
DA:17,1
DA:19,1
DA:20,1
DA:28,13
DA:29,13
DA:30,13
DA:31,13
DA:32,13
DA:33,13
DA:34,13
DA:37,13
DA:40,1
DA:41,14
DA:42,14
DA:43,14
DA:44,14
DA:50,1
DA:51,14
DA:52,14
DA:53,14
DA:54,14
DA:60,18
DA:61,18
DA:62,18
DA:73,1
DA:74,1
DA:75,1
DA:76,1
DA:82,2
DA:83,2
DA:84,2
DA:85,2
DA:86,2
DA:88,0
DA:89,0
DA:96,1
DA:97,4
DA:98,4
DA:99,2
DA:101,2
DA:108,2
DA:109,2
DA:110,1
DA:111,1
DA:112,1
DA:113,1
DA:114,1
DA:115,1
DA:116,1
DA:117,0
DA:120,0
DA:121,0
DA:122,0
DA:123,0
DA:124,0
DA:126,0
DA:127,0
DA:128,0
DA:137,2
DA:138,2
DA:139,1
DA:140,1
DA:141,1
DA:142,1
DA:143,1
DA:144,1
DA:145,1
DA:146,0
DA:149,0
DA:150,0
DA:151,0
DA:152,0
DA:153,0
DA:159,1
DA:160,3
DA:161,3
DA:162,1
DA:163,1
DA:164,1
DA:166,2
DA:167,1
DA:168,1
DA:169,1
DA:171,1
DA:172,1
DA:173,1
DA:174,1
DA:178,1
DA:180,1
LF:94
LH:77
BRDA:98,0,0,2
BRDA:98,0,1,2
BRDA:110,1,0,1
BRDA:110,1,1,0
BRDA:122,2,0,0
BRDA:122,2,1,0
BRDA:122,3,0,0
BRDA:122,3,1,0
BRDA:126,4,0,0
BRDA:126,4,1,0
BRDA:126,5,0,0
BRDA:126,5,1,0
BRDA:139,6,0,1
BRDA:139,6,1,0
BRDA:151,7,0,0
BRDA:151,7,1,0
BRDA:151,8,0,0
BRDA:151,8,1,0
BRDA:161,9,0,1
BRDA:161,9,1,2
BRDA:162,10,0,0
BRDA:162,10,1,1
BRDA:166,11,0,1
BRDA:166,11,1,1
BRDA:167,12,0,0
BRDA:167,12,1,1
BRDA:171,13,0,1
BRDA:171,13,1,0
BRDA:172,14,0,0
BRDA:172,14,1,1
BRF:30
BRH:12
end_of_record
TN:
SF:C:/Users/manum/Documents/Project/Angular/Final Assessment/project-management-ui/src/app/view-task/view-task.component.ts
FN:15,(anonymous_2)
FN:32,ViewTaskComponent
FN:37,(anonymous_4)
FN:48,(anonymous_5)
FN:49,(anonymous_6)
FN:58,(anonymous_7)
FN:59,(anonymous_8)
FN:67,(anonymous_9)
FN:69,(anonymous_10)
FN:81,(anonymous_11)
FN:91,(anonymous_12)
FN:94,(anonymous_13)
FN:105,(anonymous_14)
FN:130,(anonymous_15)
FNF:14
FNH:12
FNDA:1,(anonymous_2)
FNDA:7,ViewTaskComponent
FNDA:7,(anonymous_4)
FNDA:7,(anonymous_5)
FNDA:7,(anonymous_6)
FNDA:7,(anonymous_7)
FNDA:7,(anonymous_8)
FNDA:1,(anonymous_9)
FNDA:1,(anonymous_10)
FNDA:0,(anonymous_11)
FNDA:1,(anonymous_12)
FNDA:0,(anonymous_13)
FNDA:4,(anonymous_14)
FNDA:6,(anonymous_15)
DA:1,1
DA:2,1
DA:3,1
DA:5,1
DA:7,1
DA:8,1
DA:15,1
DA:17,1
DA:19,7
DA:22,7
DA:23,7
DA:24,7
DA:25,7
DA:26,7
DA:27,7
DA:28,7
DA:29,7
DA:32,7
DA:33,7
DA:34,7
DA:37,1
DA:38,7
DA:39,7
DA:40,7
DA:41,7
DA:42,7
DA:48,7
DA:49,7
DA:50,7
DA:58,7
DA:59,7
DA:60,7
DA:67,1
DA:68,1
DA:69,1
DA:70,1
DA:71,1
DA:72,1
DA:73,1
DA:74,1
DA:75,1
DA:80,0
DA:81,0
DA:82,0
DA:91,1
DA:92,1
DA:93,1
DA:95,0
DA:96,0
DA:105,1
DA:106,4
DA:107,4
DA:108,1
DA:109,1
DA:110,1
DA:112,3
DA:113,1
DA:114,1
DA:115,1
DA:117,2
DA:118,1
DA:119,1
DA:120,1
DA:122,1
DA:123,1
DA:124,1
DA:125,1
DA:130,1
DA:132,1
LF:69
LH:64
BRDA:70,0,0,1
BRDA:70,0,1,0
BRDA:71,1,0,1
BRDA:71,1,1,0
BRDA:71,2,0,1
BRDA:71,2,1,1
BRDA:73,3,0,1
BRDA:73,3,1,0
BRDA:95,4,0,0
BRDA:95,4,1,0
BRDA:107,5,0,1
BRDA:107,5,1,3
BRDA:108,6,0,0
BRDA:108,6,1,1
BRDA:112,7,0,1
BRDA:112,7,1,2
BRDA:113,8,0,0
BRDA:113,8,1,1
BRDA:117,9,0,1
BRDA:117,9,1,1
BRDA:118,10,0,0
BRDA:118,10,1,1
BRDA:122,11,0,1
BRDA:122,11,1,0
BRDA:123,12,0,0
BRDA:123,12,1,1
BRF:26
BRH:16
end_of_record
TN:
SF:C:/Users/manum/Documents/Project/Angular/Final Assessment/project-management-ui/src/config/api.config.ts
FN:4,(anonymous_0)
FNF:1
FNH:1
FNDA:1,(anonymous_0)
DA:2,1
DA:4,1
DA:7,1
DA:19,1
DA:20,1
DA:21,1
DA:24,1
LF:7
LH:7
BRF:0
BRH:0
end_of_record
